-------------------------------------------------------------------------------
Test set: demoapp.MockMvcTest
-------------------------------------------------------------------------------
Tests run: 1, Failures: 1, Errors: 0, Skipped: 0, Time elapsed: 2.822 s <<< FAILURE! - in demoapp.MockMvcTest
shouldReturnDefaultMessage  Time elapsed: 0.541 s  <<< FAILURE!
java.lang.AssertionError: 
Response content
Expected: a string containing "Hello World"
     but: was "<!DOCTYPE html>
<html>
<head>
    <meta charset="UTF-8">
    <title>Mi Proyecto Spring Boot</title>
    <link rel="stylesheet" href="/bootstrap/css/bootstrap.min.css">
    <link rel="stylesheet" href="/dist/css/adminlte.min.css">
</head>
<h1>Hello world, my name is Raul</h1>

<!-- Menú de Navegación -->
<nav class="navbar navbar-expand-lg navbar-dark bg-dark">
    <div class="container-fluid">
        <a class="navbar-brand" href="#">🌟 Mi WebApp</a>
        <button class="navbar-toggler" type="button" data-bs-toggle="collapse" data-bs-target="#navbarNav"
                aria-controls="navbarNav" aria-expanded="false" aria-label="Toggle navigation">
            <span class="navbar-toggler-icon"></span>
        </button>
        <div class="collapse navbar-collapse" id="navbarNav">
            <ul class="navbar-nav">
                <li class="nav-item">
                    <a class="nav-link" href="/saludoform">Saludo Form</a>
                </li>
                <li class="nav-item">
                    <a class="nav-link" href="/saludo/Raul">Saludo a Raul</a>
                </li>
                <li class="nav-item">
                    <a class="nav-link" href="/saludoplantilla/Raul">Saludo Plantilla Raul</a>
                </li>
                <li class="nav-item">
                    <a class="nav-link" href="/palindrome">Comprobar Palindromo</a>
                </li>
                <li class="nav-item">
                    <a class="nav-link" href="/even">Comprobar Par</a>
                </li>
                <li class="nav-item">
                    <a class="nav-link" href="/square">Comprobar Square</a>
                </li>
                <li class="nav-item">
                    <a class="nav-link" href="/calculator">Calculadora</a>
                </li>
            </ul>
        </div>
    </div>
</nav>
</html>
"
	at demoapp.MockMvcTest.shouldReturnDefaultMessage(MockMvcTest.java:28)

