-------------------------------------------------------------------------------
Test set: demoapp.MockMvcTest
-------------------------------------------------------------------------------
Tests run: 2, Failures: 1, Errors: 0, Skipped: 0, Time elapsed: 2.709 s <<< FAILURE! - in demoapp.MockMvcTest
postShoudReturnCorrectResponse  Time elapsed: 0.569 s  <<< FAILURE!
java.lang.AssertionError: 
Response content
Expected: a string containing "Hello Juan"
     but: was "<!DOCTYPE html>
<html>
    <h1>Saludo: Hola Juan</h1>
</html>"
	at demoapp.MockMvcTest.postShoudReturnCorrectResponse(MockMvcTest.java:38)

