<?xml version="1.0" encoding="UTF-8"?>
<testsuite xmlns:xsi="http://www.w3.org/2001/XMLSchema-instance" xsi:noNamespaceSchemaLocation="https://maven.apache.org/surefire/maven-surefire-plugin/xsd/surefire-test-report.xsd" name="demoapp.MockMvcTest" time="2.822" tests="1" errors="0" skipped="0" failures="1">
  <properties>
[...]
</properties>
  <testcase name="shouldReturnDefaultMessage" classname="demoapp.MockMvcTest" time="0.541">
    <failure message="Response content&#10;Expected: a string containing &quot;Hello World&quot;&#10;     but: was &quot;&lt;!DOCTYPE html&gt;&#10;&lt;html&gt;&#10;&lt;head&gt;&#10;    &lt;meta charset=&quot;UTF-8&quot;&gt;&#10;    &lt;title&gt;Mi Proyecto Spring Boot&lt;/title&gt;&#10;    &lt;link rel=&quot;stylesheet&quot; href=&quot;/bootstrap/css/bootstrap.min.css&quot;&gt;&#10;    &lt;link rel=&quot;stylesheet&quot; href=&quot;/dist/css/adminlte.min.css&quot;&gt;&#10;&lt;/head&gt;&#10;&lt;h1&gt;Hello world, my name is Raul&lt;/h1&gt;&#10;&#10;&lt;!-- Menú de Navegación --&gt;&#10;&lt;nav class=&quot;navbar navbar-expand-lg navbar-dark bg-dark&quot;&gt;&#10;    &lt;div class=&quot;container-fluid&quot;&gt;&#10;        &lt;a class=&quot;navbar-brand&quot; href=&quot;#&quot;&gt;🌟 Mi WebApp&lt;/a&gt;&#10;        &lt;button class=&quot;navbar-toggler&quot; type=&quot;button&quot; data-bs-toggle=&quot;collapse&quot; data-bs-target=&quot;#navbarNav&quot;&#10;                aria-controls=&quot;navbarNav&quot; aria-expanded=&quot;false&quot; aria-label=&quot;Toggle navigation&quot;&gt;&#10;            &lt;span class=&quot;navbar-toggler-icon&quot;&gt;&lt;/span&gt;&#10;        &lt;/button&gt;&#10;        &lt;div class=&quot;collapse navbar-collapse&quot; id=&quot;navbarNav&quot;&gt;&#10;            &lt;ul class=&quot;navbar-nav&quot;&gt;&#10;                &lt;li class=&quot;nav-item&quot;&gt;&#10;                    &lt;a class=&quot;nav-link&quot; href=&quot;/saludoform&quot;&gt;Saludo Form&lt;/a&gt;&#10;                &lt;/li&gt;&#10;                &lt;li class=&quot;nav-item&quot;&gt;&#10;                    &lt;a class=&quot;nav-link&quot; href=&quot;/saludo/Raul&quot;&gt;Saludo a Raul&lt;/a&gt;&#10;                &lt;/li&gt;&#10;                &lt;li class=&quot;nav-item&quot;&gt;&#10;                    &lt;a class=&quot;nav-link&quot; href=&quot;/saludoplantilla/Raul&quot;&gt;Saludo Plantilla Raul&lt;/a&gt;&#10;                &lt;/li&gt;&#10;                &lt;li class=&quot;nav-item&quot;&gt;&#10;                    &lt;a class=&quot;nav-link&quot; href=&quot;/palindrome&quot;&gt;Comprobar Palindromo&lt;/a&gt;&#10;                &lt;/li&gt;&#10;                &lt;li class=&quot;nav-item&quot;&gt;&#10;                    &lt;a class=&quot;nav-link&quot; href=&quot;/even&quot;&gt;Comprobar Par&lt;/a&gt;&#10;                &lt;/li&gt;&#10;                &lt;li class=&quot;nav-item&quot;&gt;&#10;                    &lt;a class=&quot;nav-link&quot; href=&quot;/square&quot;&gt;Comprobar Square&lt;/a&gt;&#10;                &lt;/li&gt;&#10;                &lt;li class=&quot;nav-item&quot;&gt;&#10;                    &lt;a class=&quot;nav-link&quot; href=&quot;/calculator&quot;&gt;Calculadora&lt;/a&gt;&#10;                &lt;/li&gt;&#10;            &lt;/ul&gt;&#10;        &lt;/div&gt;&#10;    &lt;/div&gt;&#10;&lt;/nav&gt;&#10;&lt;/html&gt;&#10;&quot;" type="java.lang.AssertionError"><![CDATA[java.lang.AssertionError: 
Response content
Expected: a string containing "Hello World"
     but: was "<!DOCTYPE html>
<html>
<head>
    <meta charset="UTF-8">
    <title>Mi Proyecto Spring Boot</title>
    <link rel="stylesheet" href="/bootstrap/css/bootstrap.min.css">
    <link rel="stylesheet" href="/dist/css/adminlte.min.css">
</head>
<h1>Hello world, my name is Raul</h1>

<!-- Menú de Navegación -->
<nav class="navbar navbar-expand-lg navbar-dark bg-dark">
    <div class="container-fluid">
        <a class="navbar-brand" href="#">🌟 Mi WebApp</a>
        <button class="navbar-toggler" type="button" data-bs-toggle="collapse" data-bs-target="#navbarNav"
                aria-controls="navbarNav" aria-expanded="false" aria-label="Toggle navigation">
            <span class="navbar-toggler-icon"></span>
        </button>
        <div class="collapse navbar-collapse" id="navbarNav">
            <ul class="navbar-nav">
                <li class="nav-item">
                    <a class="nav-link" href="/saludoform">Saludo Form</a>
                </li>
                <li class="nav-item">
                    <a class="nav-link" href="/saludo/Raul">Saludo a Raul</a>
                </li>
                <li class="nav-item">
                    <a class="nav-link" href="/saludoplantilla/Raul">Saludo Plantilla Raul</a>
                </li>
                <li class="nav-item">
                    <a class="nav-link" href="/palindrome">Comprobar Palindromo</a>
                </li>
                <li class="nav-item">
                    <a class="nav-link" href="/even">Comprobar Par</a>
                </li>
                <li class="nav-item">
                    <a class="nav-link" href="/square">Comprobar Square</a>
                </li>
                <li class="nav-item">
                    <a class="nav-link" href="/calculator">Calculadora</a>
                </li>
            </ul>
        </div>
    </div>
</nav>
</html>
"
	at demoapp.MockMvcTest.shouldReturnDefaultMessage(MockMvcTest.java:28)
]]></failure>
    <system-out><![CDATA[12:22:27.084 [main] DEBUG org.springframework.test.context.BootstrapUtils - Instantiating CacheAwareContextLoaderDelegate from class [org.springframework.test.context.cache.DefaultCacheAwareContextLoaderDelegate]
12:22:27.095 [main] DEBUG org.springframework.test.context.BootstrapUtils - Instantiating BootstrapContext using constructor [public org.springframework.test.context.support.DefaultBootstrapContext(java.lang.Class,org.springframework.test.context.CacheAwareContextLoaderDelegate)]
12:22:27.131 [main] DEBUG org.springframework.test.context.BootstrapUtils - Instantiating TestContextBootstrapper for test class [demoapp.MockMvcTest] from class [org.springframework.boot.test.context.SpringBootTestContextBootstrapper]
12:22:27.143 [main] INFO org.springframework.boot.test.context.SpringBootTestContextBootstrapper - Neither @ContextConfiguration nor @ContextHierarchy found for test class [demoapp.MockMvcTest], using SpringBootContextLoader
12:22:27.148 [main] DEBUG org.springframework.test.context.support.AbstractContextLoader - Did not detect default resource location for test class [demoapp.MockMvcTest]: class path resource [demoapp/MockMvcTest-context.xml] does not exist
12:22:27.148 [main] DEBUG org.springframework.test.context.support.AbstractContextLoader - Did not detect default resource location for test class [demoapp.MockMvcTest]: class path resource [demoapp/MockMvcTestContext.groovy] does not exist
12:22:27.148 [main] INFO org.springframework.test.context.support.AbstractContextLoader - Could not detect default resource locations for test class [demoapp.MockMvcTest]: no resource found for suffixes {-context.xml, Context.groovy}.
12:22:27.149 [main] INFO org.springframework.test.context.support.AnnotationConfigContextLoaderUtils - Could not detect default configuration classes for test class [demoapp.MockMvcTest]: MockMvcTest does not declare any static, non-private, non-final, nested classes annotated with @Configuration.
12:22:27.207 [main] DEBUG org.springframework.test.context.support.ActiveProfilesUtils - Could not find an 'annotation declaring class' for annotation type [org.springframework.test.context.ActiveProfiles] and class [demoapp.MockMvcTest]
12:22:27.268 [main] DEBUG org.springframework.context.annotation.ClassPathScanningCandidateComponentProvider - Identified candidate component class: file [C:\Users\rques\Desktop\Estacion_de_Trabajo_2_Quatri_4_anyo\TÉCNICAS ÁGILES DE DESARROLLO DE SOFTWARE\Practica 1\raul-quesada-springboot\p1-springboot-hello-world-app\target\classes\demoapp\Application.class]
12:22:27.269 [main] INFO org.springframework.boot.test.context.SpringBootTestContextBootstrapper - Found @SpringBootConfiguration demoapp.Application for test class demoapp.MockMvcTest
12:22:27.373 [main] DEBUG org.springframework.boot.test.context.SpringBootTestContextBootstrapper - @TestExecutionListeners is not present for class [demoapp.MockMvcTest]: using defaults.
12:22:27.373 [main] INFO org.springframework.boot.test.context.SpringBootTestContextBootstrapper - Loaded default TestExecutionListener class names from location [META-INF/spring.factories]: [org.springframework.boot.test.mock.mockito.MockitoTestExecutionListener, org.springframework.boot.test.mock.mockito.ResetMocksTestExecutionListener, org.springframework.boot.test.autoconfigure.restdocs.RestDocsTestExecutionListener, org.springframework.boot.test.autoconfigure.web.client.MockRestServiceServerResetTestExecutionListener, org.springframework.boot.test.autoconfigure.web.servlet.MockMvcPrintOnlyOnFailureTestExecutionListener, org.springframework.boot.test.autoconfigure.web.servlet.WebDriverTestExecutionListener, org.springframework.boot.test.autoconfigure.webservices.client.MockWebServiceServerTestExecutionListener, org.springframework.test.context.web.ServletTestExecutionListener, org.springframework.test.context.support.DirtiesContextBeforeModesTestExecutionListener, org.springframework.test.context.event.ApplicationEventsTestExecutionListener, org.springframework.test.context.support.DependencyInjectionTestExecutionListener, org.springframework.test.context.support.DirtiesContextTestExecutionListener, org.springframework.test.context.transaction.TransactionalTestExecutionListener, org.springframework.test.context.jdbc.SqlScriptsTestExecutionListener, org.springframework.test.context.event.EventPublishingTestExecutionListener]
12:22:27.388 [main] DEBUG org.springframework.boot.test.context.SpringBootTestContextBootstrapper - Skipping candidate TestExecutionListener [org.springframework.test.context.transaction.TransactionalTestExecutionListener] due to a missing dependency. Specify custom listener classes or make the default listener classes and their required dependencies available. Offending class: [org/springframework/transaction/interceptor/TransactionAttributeSource]
12:22:27.389 [main] DEBUG org.springframework.boot.test.context.SpringBootTestContextBootstrapper - Skipping candidate TestExecutionListener [org.springframework.test.context.jdbc.SqlScriptsTestExecutionListener] due to a missing dependency. Specify custom listener classes or make the default listener classes and their required dependencies available. Offending class: [org/springframework/transaction/interceptor/TransactionAttribute]
12:22:27.389 [main] INFO org.springframework.boot.test.context.SpringBootTestContextBootstrapper - Using TestExecutionListeners: [org.springframework.test.context.web.ServletTestExecutionListener@1be2019a, org.springframework.test.context.support.DirtiesContextBeforeModesTestExecutionListener@29d80d2b, org.springframework.test.context.event.ApplicationEventsTestExecutionListener@58e1d9d, org.springframework.boot.test.mock.mockito.MockitoTestExecutionListener@446a1e84, org.springframework.boot.test.autoconfigure.SpringBootDependencyInjectionTestExecutionListener@4f0f2942, org.springframework.test.context.support.DirtiesContextTestExecutionListener@2657d4dd, org.springframework.test.context.event.EventPublishingTestExecutionListener@5340477f, org.springframework.boot.test.mock.mockito.ResetMocksTestExecutionListener@47caedad, org.springframework.boot.test.autoconfigure.restdocs.RestDocsTestExecutionListener@7139992f, org.springframework.boot.test.autoconfigure.web.client.MockRestServiceServerResetTestExecutionListener@69504ae9, org.springframework.boot.test.autoconfigure.web.servlet.MockMvcPrintOnlyOnFailureTestExecutionListener@387a8303, org.springframework.boot.test.autoconfigure.web.servlet.WebDriverTestExecutionListener@28cda624, org.springframework.boot.test.autoconfigure.webservices.client.MockWebServiceServerTestExecutionListener@1500b2f3]
12:22:27.394 [main] DEBUG org.springframework.test.context.support.AbstractDirtiesContextTestExecutionListener - Before test class: context [DefaultTestContext@6933b6c6 testClass = MockMvcTest, testInstance = [null], testMethod = [null], testException = [null], mergedContextConfiguration = [WebMergedContextConfiguration@7d3e8655 testClass = MockMvcTest, locations = '{}', classes = '{class demoapp.Application}', contextInitializerClasses = '[]', activeProfiles = '{}', propertySourceLocations = '{}', propertySourceProperties = '{org.springframework.boot.test.context.SpringBootTestContextBootstrapper=true}', contextCustomizers = set[[ImportsContextCustomizer@7dfb0c0f key = [org.springframework.boot.test.autoconfigure.web.servlet.MockMvcAutoConfiguration, org.springframework.boot.test.autoconfigure.web.servlet.MockMvcWebClientAutoConfiguration, org.springframework.boot.test.autoconfigure.web.servlet.MockMvcWebDriverAutoConfiguration, org.springframework.boot.autoconfigure.security.oauth2.client.servlet.OAuth2ClientAutoConfiguration, org.springframework.boot.autoconfigure.security.oauth2.resource.servlet.OAuth2ResourceServerAutoConfiguration, org.springframework.boot.autoconfigure.security.servlet.SecurityAutoConfiguration, org.springframework.boot.autoconfigure.security.servlet.SecurityFilterAutoConfiguration, org.springframework.boot.autoconfigure.security.servlet.UserDetailsServiceAutoConfiguration, org.springframework.boot.test.autoconfigure.web.servlet.MockMvcSecurityConfiguration, org.springframework.boot.test.autoconfigure.web.reactive.WebTestClientAutoConfiguration]], org.springframework.boot.test.context.filter.ExcludeFilterContextCustomizer@6ed3ccb2, org.springframework.boot.test.json.DuplicateJsonObjectContextCustomizerFactory$DuplicateJsonObjectContextCustomizer@198b6731, org.springframework.boot.test.mock.mockito.MockitoContextCustomizer@0, org.springframework.boot.test.web.client.TestRestTemplateContextCustomizer@2925bf5b, org.springframework.boot.test.autoconfigure.actuate.metrics.MetricsExportContextCustomizerFactory$DisableMetricExportContextCustomizer@7817fd62, org.springframework.boot.test.autoconfigure.properties.PropertyMappingContextCustomizer@4b3fa0b3, org.springframework.boot.test.autoconfigure.web.servlet.WebDriverContextCustomizerFactory$Customizer@7c9d8e2, org.springframework.boot.test.context.SpringBootTestArgs@1, org.springframework.boot.test.context.SpringBootTestWebEnvironment@72b6cbcc], resourceBasePath = 'src/main/webapp', contextLoader = 'org.springframework.boot.test.context.SpringBootContextLoader', parent = [null]], attributes = map['org.springframework.test.context.web.ServletTestExecutionListener.activateListener' -> true]], class annotated with @DirtiesContext [false] with mode [null].

  .   ____          _            __ _ _
 /\\ / ___'_ __ _ _(_)_ __  __ _ \ \ \ \
( ( )\___ | '_ | '_| | '_ \/ _` | \ \ \ \
 \\/  ___)| |_)| | | | | || (_| |  ) ) ) )
  '  |____| .__|_| |_|_| |_\__, | / / / /
 =========|_|==============|___/=/_/_/_/
 :: Spring Boot ::               (v2.7.14)

2025-02-27 12:22:27.684  INFO 15352 --- [           main] demoapp.MockMvcTest                      : Starting MockMvcTest using Java 1.8.0_381 on DESKTOP-VADQRPL with PID 15352 (started by rques in C:\Users\rques\Desktop\Estacion_de_Trabajo_2_Quatri_4_anyo\TÉCNICAS ÁGILES DE DESARROLLO DE SOFTWARE\Practica 1\raul-quesada-springboot\p1-springboot-hello-world-app)
2025-02-27 12:22:27.686  INFO 15352 --- [           main] demoapp.MockMvcTest                      : No active profile set, falling back to 1 default profile: "default"
2025-02-27 12:22:29.276  INFO 15352 --- [           main] o.s.b.t.m.w.SpringBootMockServletContext : Initializing Spring TestDispatcherServlet ''
2025-02-27 12:22:29.277  INFO 15352 --- [           main] o.s.t.web.servlet.TestDispatcherServlet  : Initializing Servlet ''
2025-02-27 12:22:29.277  INFO 15352 --- [           main] o.s.t.web.servlet.TestDispatcherServlet  : Completed initialization in 0 ms
2025-02-27 12:22:29.294  INFO 15352 --- [           main] demoapp.MockMvcTest                      : Started MockMvcTest in 1.862 seconds (JVM running for 2.844)

MockHttpServletRequest:
      HTTP Method = GET
      Request URI = /
       Parameters = {}
          Headers = []
             Body = null
    Session Attrs = {}

Handler:
             Type = demoapp.controller.HomeController
           Method = demoapp.controller.HomeController#greeting()

Async:
    Async started = false
     Async result = null

Resolved Exception:
             Type = null

ModelAndView:
        View name = hello
             View = null
            Model = null

FlashMap:
       Attributes = null

MockHttpServletResponse:
           Status = 200
    Error message = null
          Headers = [Content-Language:"en", Content-Type:"text/html;charset=UTF-8"]
     Content type = text/html;charset=UTF-8
             Body = <!DOCTYPE html>
<html>
<head>
    <meta charset="UTF-8">
    <title>Mi Proyecto Spring Boot</title>
    <link rel="stylesheet" href="/bootstrap/css/bootstrap.min.css">
    <link rel="stylesheet" href="/dist/css/adminlte.min.css">
</head>
<h1>Hello world, my name is Raul</h1>

<!-- Menú de Navegación -->
<nav class="navbar navbar-expand-lg navbar-dark bg-dark">
    <div class="container-fluid">
        <a class="navbar-brand" href="#">? Mi WebApp</a>
        <button class="navbar-toggler" type="button" data-bs-toggle="collapse" data-bs-target="#navbarNav"
                aria-controls="navbarNav" aria-expanded="false" aria-label="Toggle navigation">
            <span class="navbar-toggler-icon"></span>
        </button>
        <div class="collapse navbar-collapse" id="navbarNav">
            <ul class="navbar-nav">
                <li class="nav-item">
                    <a class="nav-link" href="/saludoform">Saludo Form</a>
                </li>
                <li class="nav-item">
                    <a class="nav-link" href="/saludo/Raul">Saludo a Raul</a>
                </li>
                <li class="nav-item">
                    <a class="nav-link" href="/saludoplantilla/Raul">Saludo Plantilla Raul</a>
                </li>
                <li class="nav-item">
                    <a class="nav-link" href="/palindrome">Comprobar Palindromo</a>
                </li>
                <li class="nav-item">
                    <a class="nav-link" href="/even">Comprobar Par</a>
                </li>
                <li class="nav-item">
                    <a class="nav-link" href="/square">Comprobar Square</a>
                </li>
                <li class="nav-item">
                    <a class="nav-link" href="/calculator">Calculadora</a>
                </li>
            </ul>
        </div>
    </div>
</nav>
</html>

    Forwarded URL = null
   Redirected URL = null
          Cookies = []
]]></system-out>
  </testcase>
</testsuite>